<?xml version="1.0" encoding="UTF-8"?>
<!-- Generated by org.testng.reporters.JUnitReportReporter -->
<testsuite hostname="LAPTOP-4K196BUK" failures="0" tests="5" name="sauceDemo.runner.testRunner" time="11.610" errors="0" timestamp="2024-11-25T14:36:02 PST" skipped="0">
  <testcase classname="sauceDemo.runner.testRunner" name="runScenario" time="2.743"/>
  <testcase classname="sauceDemo.runner.testRunner" name="runScenario" time="1.782"/>
  <testcase classname="sauceDemo.runner.testRunner" name="runScenario" time="2.030"/>
  <testcase classname="sauceDemo.runner.testRunner" name="runScenario" time="3.046"/>
  <testcase classname="sauceDemo.runner.testRunner" name="runScenario" time="2.009"/>
</testsuite> <!-- sauceDemo.runner.testRunner -->
